2013-06-26 14:24:50,918 - Log4JLogChute initialized using file 'velocity.log'
2013-06-26 14:24:50,918 - Velocity was not initialized! Calling init()...
2013-06-26 14:24:50,918 - Starting Apache Velocity v1.5 (compiled: 2007-02-22 08:52:29)
2013-06-26 14:24:50,918 - Default Properties File: org\apache\velocity\runtime\defaults\velocity.properties
2013-06-26 14:24:50,918 - Trying to use logger class org.apache.velocity.runtime.log.AvalonLogChute
2013-06-26 14:24:50,935 - Couldn't find class org.apache.velocity.runtime.log.AvalonLogChute or necessary supporting classes in classpath.
java.lang.NoClassDefFoundError: org/apache/log/format/Formatter
	at java.lang.Class.forName0(Native Method)
	at java.lang.Class.forName(Class.java:247)
	at org.apache.velocity.util.ClassUtils.getClass(ClassUtils.java:63)
	at org.apache.velocity.util.ClassUtils.getNewInstance(ClassUtils.java:95)
	at org.apache.velocity.runtime.log.LogManager.createLogChute(LogManager.java:147)
	at org.apache.velocity.runtime.log.LogManager.updateLog(LogManager.java:208)
	at org.apache.velocity.runtime.RuntimeInstance.initializeLog(RuntimeInstance.java:728)
	at org.apache.velocity.runtime.RuntimeInstance.init(RuntimeInstance.java:240)
	at org.apache.velocity.runtime.RuntimeInstance.parse(RuntimeInstance.java:993)
	at org.apache.velocity.runtime.RuntimeInstance.parse(RuntimeInstance.java:972)
	at org.apache.velocity.runtime.RuntimeSingleton.parse(RuntimeSingleton.java:265)
	at org.apache.velocity.app.Velocity.evaluate(Velocity.java:274)
	at org.sonatype.mavenbook.weather.WeatherFormatter.format(WeatherFormatter.java:21)
	at org.sonatype.mavenbook.weather.Main.start(Main.java:38)
	at org.sonatype.mavenbook.weather.Main.main(Main.java:21)
	at sun.reflect.NativeMethodAccessorImpl.invoke0(Native Method)
	at sun.reflect.NativeMethodAccessorImpl.invoke(NativeMethodAccessorImpl.java:39)
	at sun.reflect.DelegatingMethodAccessorImpl.invoke(DelegatingMethodAccessorImpl.java:25)
	at java.lang.reflect.Method.invoke(Method.java:597)
	at com.intellij.rt.execution.application.AppMain.main(AppMain.java:120)
Caused by: java.lang.ClassNotFoundException: org.apache.log.format.Formatter
	at java.net.URLClassLoader$1.run(URLClassLoader.java:202)
	at java.security.AccessController.doPrivileged(Native Method)
	at java.net.URLClassLoader.findClass(URLClassLoader.java:190)
	at java.lang.ClassLoader.loadClass(ClassLoader.java:306)
	at sun.misc.Launcher$AppClassLoader.loadClass(Launcher.java:301)
	at java.lang.ClassLoader.loadClass(ClassLoader.java:247)
	... 20 more
2013-06-26 14:24:50,937 - Trying to use logger class org.apache.velocity.runtime.log.Log4JLogChute
2013-06-26 14:24:50,937 - Using logger class org.apache.velocity.runtime.log.Log4JLogChute
2013-06-26 14:24:50,938 - Default ResourceManager initializing. (class org.apache.velocity.runtime.resource.ResourceManagerImpl)
2013-06-26 14:24:50,941 - ResourceLoader instantiated: org.apache.velocity.runtime.resource.loader.FileResourceLoader
2013-06-26 14:24:50,941 - Do unicode file recognition:  false
2013-06-26 14:24:50,941 - FileResourceLoader : adding path '.'
2013-06-26 14:24:50,950 - ResourceCache: initialized (class org.apache.velocity.runtime.resource.ResourceCacheImpl)
2013-06-26 14:24:50,951 - Loaded System Directive: org.apache.velocity.runtime.directive.Literal
2013-06-26 14:24:50,952 - Loaded System Directive: org.apache.velocity.runtime.directive.Macro
2013-06-26 14:24:50,953 - Loaded System Directive: org.apache.velocity.runtime.directive.Parse
2013-06-26 14:24:50,954 - Loaded System Directive: org.apache.velocity.runtime.directive.Include
2013-06-26 14:24:50,955 - Loaded System Directive: org.apache.velocity.runtime.directive.Foreach
2013-06-26 14:24:50,976 - Created '20' parsers.
2013-06-26 14:24:50,981 - Velocimacro : "velocimacro.library" is not set.  Trying default library: VM_global_library.vm
2013-06-26 14:24:50,981 - Velocimacro : Default library not found.
2013-06-26 14:24:50,981 - Velocimacro : allowInline = true : VMs can be defined inline in templates
2013-06-26 14:24:50,981 - Velocimacro : allowInlineToOverride = false : VMs defined inline may NOT replace previous VM definitions
2013-06-26 14:24:50,981 - Velocimacro : allowInlineLocal = false : VMs defined inline will be global in scope if allowed.
2013-06-26 14:24:50,981 - Velocimacro : autoload off : VM system will not automatically reload global library macros
